=========================================
SIGMAGPT ROPE + THINKING TOKENS ABLATION
=========================================
Model sizes: distilgpt2 gpt2 gpt2_medium
Ordering modes: temporal random_scramble
Thinking modes: expectation upper_bound
Conditioning configs: 5
Total experiments: 60

----------------------------------------
Experiment: cond0-20_max_block_rope_distilgpt2_sigmagpt_temporal_think_expectation_20251231_044226
  Model: distilgpt2
  Ordering: temporal
  Thinking: expectation
  Cond: 0.0-0.2
sbatch: [00;36m--------------------------------------------------------------------------------------------------
sbatch: # Using default long partition
sbatch: --------------------------------------------------------------------------------------------------[00m
  Submitted: Job ID 8378382
----------------------------------------
Experiment: cond0-40_max_block_rope_distilgpt2_sigmagpt_temporal_think_expectation_20251231_044227
  Model: distilgpt2
  Ordering: temporal
  Thinking: expectation
  Cond: 0.0-0.4
sbatch: [00;36m--------------------------------------------------------------------------------------------------
sbatch: # Using default long partition
sbatch: --------------------------------------------------------------------------------------------------[00m
  Submitted: Job ID 8378383
----------------------------------------
Experiment: cond0-60_max_block_rope_distilgpt2_sigmagpt_temporal_think_expectation_20251231_044227
  Model: distilgpt2
  Ordering: temporal
  Thinking: expectation
  Cond: 0.0-0.6
sbatch: [00;36m--------------------------------------------------------------------------------------------------
sbatch: # Using default long partition
sbatch: --------------------------------------------------------------------------------------------------[00m
  Submitted: Job ID 8378384
----------------------------------------
Experiment: cond0-80_max_block_rope_distilgpt2_sigmagpt_temporal_think_expectation_20251231_044228
  Model: distilgpt2
  Ordering: temporal
  Thinking: expectation
  Cond: 0.0-0.8
sbatch: [00;36m--------------------------------------------------------------------------------------------------
sbatch: # Using default long partition
sbatch: --------------------------------------------------------------------------------------------------[00m
  Submitted: Job ID 8378385
----------------------------------------
Experiment: cond0-100_max_block_rope_distilgpt2_sigmagpt_temporal_think_expectation_20251231_044228
  Model: distilgpt2
  Ordering: temporal
  Thinking: expectation
  Cond: 0.0-1.0
sbatch: [00;36m--------------------------------------------------------------------------------------------------
sbatch: # Using default long partition
sbatch: --------------------------------------------------------------------------------------------------[00m
  Submitted: Job ID 8378386
----------------------------------------
Experiment: cond0-20_max_block_rope_distilgpt2_sigmagpt_temporal_think_upper_bound_20251231_044229
  Model: distilgpt2
  Ordering: temporal
  Thinking: upper_bound
  Cond: 0.0-0.2
sbatch: [00;36m--------------------------------------------------------------------------------------------------
sbatch: # Using default long partition
sbatch: --------------------------------------------------------------------------------------------------[00m
  Submitted: Job ID 8378387
[2025-12-31T04:42:29.893] error: *** JOB 8378381 ON cn-f004 CANCELLED AT 2025-12-31T04:42:29 DUE to SIGNAL Terminated ***
